2022-10-28 13:50:05,966 [Worker-4: Loading available Gradle versions] INFO  o.e.b.c.i.u.g.PublishedGradleVersions - Gradle version information cache is not available. Remote download required.
2022-10-28 13:51:11,094 [Worker-9: Deferred Early Start] INFO  o.a.h.c.h.i.c.HttpRequestRetryExec - Recoverable I/O exception (org.apache.hc.core5.http.StreamClosedException) caught when processing request to {tls}->http://proxy-irc.rw.by:3128->https://www.eclipse.org:443
2022-10-28 13:52:16,024 [Worker-3: https://download.eclipse.org/jetty/updates/jetty-wtp/site.xml] INFO  o.a.h.c.h.i.c.HttpRequestRetryExec - Recoverable I/O exception (org.apache.hc.core5.http.StreamClosedException) caught when processing request to {tls}->http://proxy-irc.rw.by:3128->https://download.eclipse.org:443
2022-10-28 13:54:16,016 [Worker-11: https://download.eclipse.org/jetty/updates/jetty-wtp/site.xml] INFO  o.a.h.c.h.i.c.HttpRequestRetryExec - Recoverable I/O exception (org.apache.hc.core5.http.StreamClosedException) caught when processing request to {tls}->http://proxy-irc.rw.by:3128->https://download.eclipse.org:443
2022-10-28 13:56:16,029 [Worker-11: https://download.eclipse.org/jetty/updates/jetty-wtp/compositeContent.jar] INFO  o.a.h.c.h.i.c.HttpRequestRetryExec - Recoverable I/O exception (org.apache.hc.core5.http.StreamClosedException) caught when processing request to {tls}->http://proxy-irc.rw.by:3128->https://download.eclipse.org:443
2022-10-28 13:57:16,024 [Worker-9: https://download.jboss.org/jbosstools/updates/webtools/photon/site.xml] INFO  o.a.h.c.h.i.c.HttpRequestRetryExec - Recoverable I/O exception (org.apache.hc.core5.http.StreamClosedException) caught when processing request to {tls}->http://proxy-irc.rw.by:3128->https://download.jboss.org:443
2022-10-28 13:58:16,033 [Worker-31: https://download.eclipse.org/jetty/updates/jetty-wtp/compositeContent.xml] INFO  o.a.h.c.h.i.c.HttpRequestRetryExec - Recoverable I/O exception (org.apache.hc.core5.http.StreamClosedException) caught when processing request to {tls}->http://proxy-irc.rw.by:3128->https://download.eclipse.org:443
2022-10-28 14:01:16,030 [Worker-31: https://download.jboss.org/jbosstools/updates/webtools/photon/site.xml] INFO  o.a.h.c.h.i.c.HttpRequestRetryExec - Recoverable I/O exception (org.apache.hc.core5.http.StreamClosedException) caught when processing request to {tls}->http://proxy-irc.rw.by:3128->https://download.jboss.org:443
2022-10-28 14:05:16,054 [Worker-34: https://downloads.apache.org/geronimo/eclipse/updates/site.xml] INFO  o.a.h.c.h.i.c.HttpRequestRetryExec - Recoverable I/O exception (org.apache.hc.core5.http.StreamClosedException) caught when processing request to {tls}->http://proxy-irc.rw.by:3128->https://downloads.apache.org:443
2022-10-28 14:07:16,012 [Worker-37: https://download.jboss.org/jbosstools/updates/webtools/photon/compositeContent.xml] INFO  o.a.h.c.h.i.c.HttpRequestRetryExec - Recoverable I/O exception (org.apache.hc.core5.http.StreamClosedException) caught when processing request to {tls}->http://proxy-irc.rw.by:3128->https://download.jboss.org:443
2022-10-28 14:09:16,021 [Worker-35: https://downloads.apache.org/geronimo/eclipse/updates/site.xml] INFO  o.a.h.c.h.i.c.HttpRequestRetryExec - Recoverable I/O exception (org.apache.hc.core5.http.StreamClosedException) caught when processing request to {tls}->http://proxy-irc.rw.by:3128->https://downloads.apache.org:443
2022-10-28 14:12:16,013 [Worker-37: https://download.oracle.com/otn_software/oepe/12.2.1.10/photon/repository/site.xml] INFO  o.a.h.c.h.i.c.HttpRequestRetryExec - Recoverable I/O exception (org.apache.hc.core5.http.StreamClosedException) caught when processing request to {tls}->http://proxy-irc.rw.by:3128->https://download.oracle.com:443
2022-10-28 14:13:16,013 [Worker-35: https://downloads.apache.org/geronimo/eclipse/updates/content.jar] INFO  o.a.h.c.h.i.c.HttpRequestRetryExec - Recoverable I/O exception (org.apache.hc.core5.http.StreamClosedException) caught when processing request to {tls}->http://proxy-irc.rw.by:3128->https://downloads.apache.org:443
2022-10-28 14:14:16,015 [Worker-36: https://download.oracle.com/otn_software/oepe/12.2.1.10/photon/repository/site.xml] INFO  o.a.h.c.h.i.c.HttpRequestRetryExec - Recoverable I/O exception (org.apache.hc.core5.http.StreamClosedException) caught when processing request to {tls}->http://proxy-irc.rw.by:3128->https://download.oracle.com:443
2022-10-28 14:16:16,019 [Worker-36: https://download.oracle.com/otn_software/oepe/12.2.1.10/photon/repository/compositeContent.jar] INFO  o.a.h.c.h.i.c.HttpRequestRetryExec - Recoverable I/O exception (org.apache.hc.core5.http.StreamClosedException) caught when processing request to {tls}->http://proxy-irc.rw.by:3128->https://download.oracle.com:443
2022-10-28 14:16:16,022 [Worker-37: https://www.caucho.com/eclipse/site.xml] INFO  o.a.h.c.h.i.c.HttpRequestRetryExec - Recoverable I/O exception (org.apache.hc.core5.http.StreamClosedException) caught when processing request to {tls}->http://proxy-irc.rw.by:3128->https://www.caucho.com:443
2022-10-28 14:17:16,022 [Worker-43: https://downloads.apache.org/geronimo/eclipse/updates/content.xml] INFO  o.a.h.c.h.i.c.HttpRequestRetryExec - Recoverable I/O exception (org.apache.hc.core5.http.StreamClosedException) caught when processing request to {tls}->http://proxy-irc.rw.by:3128->https://downloads.apache.org:443
2022-10-28 14:18:16,011 [Worker-36: https://download.oracle.com/otn_software/oepe/12.2.1.10/photon/repository/compositeContent.xml] INFO  o.a.h.c.h.i.c.HttpRequestRetryExec - Recoverable I/O exception (org.apache.hc.core5.http.StreamClosedException) caught when processing request to {tls}->http://proxy-irc.rw.by:3128->https://download.oracle.com:443
2022-10-28 14:18:16,014 [Worker-35: https://www.caucho.com/eclipse/site.xml] INFO  o.a.h.c.h.i.c.HttpRequestRetryExec - Recoverable I/O exception (org.apache.hc.core5.http.StreamClosedException) caught when processing request to {tls}->http://proxy-irc.rw.by:3128->https://www.caucho.com:443
2022-10-28 14:20:16,028 [Worker-47: https://www.caucho.com/eclipse/p2.index] INFO  o.a.h.c.h.i.c.HttpRequestRetryExec - Recoverable I/O exception (org.apache.hc.core5.http.StreamClosedException) caught when processing request to {tls}->http://proxy-irc.rw.by:3128->https://www.caucho.com:443
2022-10-28 14:20:16,028 [Worker-32: https://public.dhe.ibm.com/ibmdl/export/pub/software/websphere/wasdev/updates/libertyAdapter/2020-09/site.xml] INFO  o.a.h.c.h.i.c.HttpRequestRetryExec - Recoverable I/O exception (org.apache.hc.core5.http.StreamClosedException) caught when processing request to {tls}->http://proxy-irc.rw.by:3128->https://public.dhe.ibm.com:443
2022-10-28 14:22:16,010 [Worker-37: https://www.caucho.com/eclipse/p2.index] INFO  o.a.h.c.h.i.c.HttpRequestRetryExec - Recoverable I/O exception (org.apache.hc.core5.http.StreamClosedException) caught when processing request to {tls}->http://proxy-irc.rw.by:3128->https://www.caucho.com:443
2022-10-28 14:22:16,010 [Worker-31: https://public.dhe.ibm.com/ibmdl/export/pub/software/websphere/wasdev/updates/libertyAdapter/2020-09/site.xml] INFO  o.a.h.c.h.i.c.HttpRequestRetryExec - Recoverable I/O exception (org.apache.hc.core5.http.StreamClosedException) caught when processing request to {tls}->http://proxy-irc.rw.by:3128->https://public.dhe.ibm.com:443
2022-10-28 14:24:09,125 [Start Help Server] INFO  org.eclipse.jetty.server.Server - jetty-10.0.6; built: 2021-06-29T15:28:56.259Z; git: 37e7731b4b142a882d73974ff3bec78d621bd674; jvm 17.0.2+8
2022-10-28 14:24:09,141 [Start Help Server] INFO  o.e.j.s.s.DefaultSessionIdManager - Session workerName=node0
2022-10-28 14:24:09,164 [Start Help Server] INFO  o.e.j.server.handler.ContextHandler - Started o.e.j.s.ServletContextHandler@20c6a5bf{/help,null,AVAILABLE}
2022-10-28 14:24:09,183 [Start Help Server] INFO  o.e.jetty.server.AbstractConnector - Started ServerConnector@5ff099a2{HTTP/1.1, (http/1.1)}{127.0.0.1:56449}
2022-10-28 14:24:09,194 [Start Help Server] INFO  org.eclipse.jetty.server.Server - Started Server@40f8e342{STARTING}[10.0.6,sto=0] @2065993ms
2022-10-28 14:24:16,013 [Worker-46: https://public.dhe.ibm.com/ibmdl/export/pub/software/websphere/wasdev/updates/libertyAdapter/2020-09/content.jar] INFO  o.a.h.c.h.i.c.HttpRequestRetryExec - Recoverable I/O exception (org.apache.hc.core5.http.StreamClosedException) caught when processing request to {tls}->http://proxy-irc.rw.by:3128->https://public.dhe.ibm.com:443
2022-10-28 14:24:16,013 [Worker-43: https://www.caucho.com/eclipse/content.jar] INFO  o.a.h.c.h.i.c.HttpRequestRetryExec - Recoverable I/O exception (org.apache.hc.core5.http.StreamClosedException) caught when processing request to {tls}->http://proxy-irc.rw.by:3128->https://www.caucho.com:443
2022-10-28 14:25:16,070 [Worker-32: https://sourceforge.net/projects/sapnweclipse/files/updates/site.xml] INFO  o.a.h.c.h.i.c.HttpRequestRetryExec - Recoverable I/O exception (org.apache.hc.core5.http.StreamClosedException) caught when processing request to {tls}->http://proxy-irc.rw.by:3128->https://sourceforge.net:443
2022-10-28 14:26:16,017 [Worker-31: https://public.dhe.ibm.com/ibmdl/export/pub/software/websphere/wasdev/updates/libertyAdapter/2020-09/content.xml] INFO  o.a.h.c.h.i.c.HttpRequestRetryExec - Recoverable I/O exception (org.apache.hc.core5.http.StreamClosedException) caught when processing request to {tls}->http://proxy-irc.rw.by:3128->https://public.dhe.ibm.com:443
2022-10-28 14:26:16,017 [Worker-47: https://www.caucho.com/eclipse/content.xml] INFO  o.a.h.c.h.i.c.HttpRequestRetryExec - Recoverable I/O exception (org.apache.hc.core5.http.StreamClosedException) caught when processing request to {tls}->http://proxy-irc.rw.by:3128->https://www.caucho.com:443
2022-10-28 14:29:16,013 [Worker-43: https://sourceforge.net/projects/sapnweclipse/files/updates/site.xml] INFO  o.a.h.c.h.i.c.HttpRequestRetryExec - Recoverable I/O exception (org.apache.hc.core5.http.StreamClosedException) caught when processing request to {tls}->http://proxy-irc.rw.by:3128->https://sourceforge.net:443
2022-10-28 14:33:16,015 [Worker-32: https://sourceforge.net/projects/sapnweclipse/files/updates/site.xml] INFO  o.a.h.c.h.i.c.HttpRequestRetryExec - Recoverable I/O exception (org.apache.hc.core5.http.StreamClosedException) caught when processing request to {tls}->http://proxy-irc.rw.by:3128->https://sourceforge.net:443
2022-10-28 14:37:16,023 [Worker-45: https://downloads.apache.org/geronimo/eclipse/updates/site.xml] INFO  o.a.h.c.h.i.c.HttpRequestRetryExec - Recoverable I/O exception (org.apache.hc.core5.http.StreamClosedException) caught when processing request to {tls}->http://proxy-irc.rw.by:3128->https://downloads.apache.org:443
2022-10-28 14:40:16,226 [Worker-47: https://public.dhe.ibm.com/ibmdl/export/pub/software/websphere/wasdev/updates/libertyAdapter/2020-09/site.xml] INFO  o.a.h.c.h.i.c.HttpRequestRetryExec - Recoverable I/O exception (org.apache.hc.core5.http.StreamClosedException) caught when processing request to {tls}->http://proxy-irc.rw.by:3128->https://public.dhe.ibm.com:443
2022-10-28 14:41:16,018 [Worker-35: https://downloads.apache.org/geronimo/eclipse/updates/content.jar] INFO  o.a.h.c.h.i.c.HttpRequestRetryExec - Recoverable I/O exception (org.apache.hc.core5.http.StreamClosedException) caught when processing request to {tls}->http://proxy-irc.rw.by:3128->https://downloads.apache.org:443
2022-10-28 14:42:16,020 [Worker-8: https://public.dhe.ibm.com/ibmdl/export/pub/software/websphere/wasdev/updates/libertyAdapter/2020-09/site.xml] INFO  o.a.h.c.h.i.c.HttpRequestRetryExec - Recoverable I/O exception (org.apache.hc.core5.http.StreamClosedException) caught when processing request to {tls}->http://proxy-irc.rw.by:3128->https://public.dhe.ibm.com:443
2022-10-28 14:44:08,422 [Worker-47: https://public.dhe.ibm.com/ibmdl/export/pub/software/websphere/wasdev/updates/libertyAdapter/2020-09/content.jar] INFO  o.a.h.c.h.i.c.HttpRequestRetryExec - Recoverable I/O exception (java.net.SocketException) caught when processing request to {tls}->http://proxy-irc.rw.by:3128->https://public.dhe.ibm.com:443
2022-10-28 14:44:08,422 [Worker-32: https://download.oracle.com/otn_software/oepe/12.2.1.10/photon/repository/site.xml] INFO  o.a.h.c.h.i.c.HttpRequestRetryExec - Recoverable I/O exception (java.net.SocketException) caught when processing request to {tls}->http://proxy-irc.rw.by:3128->https://download.oracle.com:443
2022-10-28 14:44:08,422 [Worker-51: https://downloads.apache.org/geronimo/eclipse/updates/content.xml] INFO  o.a.h.c.h.i.c.HttpRequestRetryExec - Recoverable I/O exception (java.net.SocketException) caught when processing request to {tls}->http://proxy-irc.rw.by:3128->https://downloads.apache.org:443
2022-10-28 14:44:08,433 [Stop Help Server] INFO  org.eclipse.jetty.server.Server - Stopped Server@40f8e342{STOPPING}[10.0.6,sto=0]
2022-10-28 14:44:08,436 [Stop Help Server] INFO  o.e.jetty.server.AbstractConnector - Stopped ServerConnector@5ff099a2{HTTP/1.1, (http/1.1)}{127.0.0.1:0}
2022-10-28 14:44:08,442 [Stop Help Server] INFO  o.e.j.server.handler.ContextHandler - Stopped o.e.j.s.ServletContextHandler@20c6a5bf{/help,null,STOPPED}
2022-10-28 14:44:43,123 [Worker-2: Loading available Gradle versions] INFO  o.e.b.c.i.u.g.PublishedGradleVersions - Gradle version information cache is not available. Remote download required.
2022-10-28 14:45:49,041 [Worker-0: Deferred Early Start] INFO  o.a.h.c.h.i.c.HttpRequestRetryExec - Recoverable I/O exception (org.apache.hc.core5.http.StreamClosedException) caught when processing request to {tls}->http://proxy-irc.rw.by:3128->https://www.eclipse.org:443
